Building DAG of jobs...
Provided cores: 8
Rules claiming more threads will be scaled down.
Job stats:
job      count
-----  -------
hello        1
total        1

Select jobs to execute...
Execute 1 jobs...

[Wed Sep  4 18:55:41 2024]
localrule hello:
    output: hello.txt
    jobid: 0
    reason: Missing output files: hello.txt
    resources: tmpdir=C:\Users\ohanrah\AppData\Local\Temp

[Wed Sep  4 18:55:41 2024]
Finished job 0.
1 of 1 steps (100%) done
Complete log: .snakemake\log\2024-09-04T185541.091821.snakemake.log
